<?xml version="1.0" encoding="UTF-8" ?>
<testsuite tests="4" failures="0" name="com.skillstorm.RentalTest.RentalDaoTest" time="1.421" errors="0" skipped="0">
  <properties>
[...]
</properties>
  <testcase classname="com.skillstorm.RentalTest.RentalDaoTest" name="Remove" time="0.939"/>
  <testcase classname="com.skillstorm.RentalTest.RentalDaoTest" name="TestCreate" time="0.157"/>
  <testcase classname="com.skillstorm.RentalTest.RentalDaoTest" name="update" time="0.187"/>
  <testcase classname="com.skillstorm.RentalTest.RentalDaoTest" name="FindId" time="0.138"/>
</testsuite>